[3.110s] Invoking command in '/home/anthonyubuntu/Desktop/inmind/session5/Anthony-Moundalak-ROS2-Assignment/ros2ws/src/temperature_package': PYTHONPATH=/home/anthonyubuntu/Desktop/inmind/session5/Anthony-Moundalak-ROS2-Assignment/ros2ws/src/build/temperature_package/prefix_override:/usr/lib/python3/dist-packages/colcon_core/task/python/colcon_distutils_commands:/home/anthonyubuntu/Desktop/inmind/session5/Anthony-Moundalak-ROS2-Assignment/ros2ws/src/install/temperature_package/lib/python3.10/site-packages:${PYTHONPATH} /usr/bin/python3 -W ignore:setup.py install is deprecated setup.py egg_info --egg-base ../build/temperature_package build --build-base /home/anthonyubuntu/Desktop/inmind/session5/Anthony-Moundalak-ROS2-Assignment/ros2ws/src/build/temperature_package/build install --record /home/anthonyubuntu/Desktop/inmind/session5/Anthony-Moundalak-ROS2-Assignment/ros2ws/src/build/temperature_package/install.log --single-version-externally-managed install_data
[3.478s] running egg_info
[3.478s] writing ../build/temperature_package/temperature_package.egg-info/PKG-INFO
[3.479s] writing dependency_links to ../build/temperature_package/temperature_package.egg-info/dependency_links.txt
[3.479s] writing entry points to ../build/temperature_package/temperature_package.egg-info/entry_points.txt
[3.479s] writing requirements to ../build/temperature_package/temperature_package.egg-info/requires.txt
[3.480s] writing top-level names to ../build/temperature_package/temperature_package.egg-info/top_level.txt
[3.481s] reading manifest file '../build/temperature_package/temperature_package.egg-info/SOURCES.txt'
[3.483s] writing manifest file '../build/temperature_package/temperature_package.egg-info/SOURCES.txt'
[3.483s] running build
[3.483s] running build_py
[3.483s] running install
[3.484s] running install_lib
[3.485s] running install_data
[3.485s] running install_egg_info
[3.487s] removing '/home/anthonyubuntu/Desktop/inmind/session5/Anthony-Moundalak-ROS2-Assignment/ros2ws/src/install/temperature_package/lib/python3.10/site-packages/temperature_package-0.0.0-py3.10.egg-info' (and everything under it)
[3.487s] Copying ../build/temperature_package/temperature_package.egg-info to /home/anthonyubuntu/Desktop/inmind/session5/Anthony-Moundalak-ROS2-Assignment/ros2ws/src/install/temperature_package/lib/python3.10/site-packages/temperature_package-0.0.0-py3.10.egg-info
[3.489s] running install_scripts
[3.512s] Installing alert_publisher script to /home/anthonyubuntu/Desktop/inmind/session5/Anthony-Moundalak-ROS2-Assignment/ros2ws/src/install/temperature_package/lib/temperature_package
[3.513s] Installing temperature_publisher script to /home/anthonyubuntu/Desktop/inmind/session5/Anthony-Moundalak-ROS2-Assignment/ros2ws/src/install/temperature_package/lib/temperature_package
[3.513s] Installing threshold_subscriber script to /home/anthonyubuntu/Desktop/inmind/session5/Anthony-Moundalak-ROS2-Assignment/ros2ws/src/install/temperature_package/lib/temperature_package
[3.513s] writing list of installed files to '/home/anthonyubuntu/Desktop/inmind/session5/Anthony-Moundalak-ROS2-Assignment/ros2ws/src/build/temperature_package/install.log'
[3.541s] Invoked command in '/home/anthonyubuntu/Desktop/inmind/session5/Anthony-Moundalak-ROS2-Assignment/ros2ws/src/temperature_package' returned '0': PYTHONPATH=/home/anthonyubuntu/Desktop/inmind/session5/Anthony-Moundalak-ROS2-Assignment/ros2ws/src/build/temperature_package/prefix_override:/usr/lib/python3/dist-packages/colcon_core/task/python/colcon_distutils_commands:/home/anthonyubuntu/Desktop/inmind/session5/Anthony-Moundalak-ROS2-Assignment/ros2ws/src/install/temperature_package/lib/python3.10/site-packages:${PYTHONPATH} /usr/bin/python3 -W ignore:setup.py install is deprecated setup.py egg_info --egg-base ../build/temperature_package build --build-base /home/anthonyubuntu/Desktop/inmind/session5/Anthony-Moundalak-ROS2-Assignment/ros2ws/src/build/temperature_package/build install --record /home/anthonyubuntu/Desktop/inmind/session5/Anthony-Moundalak-ROS2-Assignment/ros2ws/src/build/temperature_package/install.log --single-version-externally-managed install_data
