[4.148s] DEBUG:colcon:Command line arguments: ['/usr/bin/colcon', 'build']
[4.148s] DEBUG:colcon:Parsed command line arguments: Namespace(log_base=None, log_level=None, verb_name='build', build_base='build', install_base='install', merge_install=False, symlink_install=False, test_result_base=None, continue_on_error=False, executor='parallel', parallel_workers=4, event_handlers=None, ignore_user_meta=False, metas=['./colcon.meta'], base_paths=['.'], packages_ignore=None, packages_ignore_regex=None, paths=None, packages_up_to=None, packages_up_to_regex=None, packages_above=None, packages_above_and_dependencies=None, packages_above_depth=None, packages_select_by_dep=None, packages_skip_by_dep=None, packages_skip_up_to=None, packages_select_build_failed=False, packages_skip_build_finished=False, packages_select_test_failures=False, packages_skip_test_passed=False, packages_select=None, packages_skip=None, packages_select_regex=None, packages_skip_regex=None, packages_start=None, packages_end=None, allow_overriding=[], cmake_args=None, cmake_target=None, cmake_target_skip_unavailable=False, cmake_clean_cache=False, cmake_clean_first=False, cmake_force_configure=False, ament_cmake_args=None, catkin_cmake_args=None, catkin_skip_building_tests=False, mixin_files=None, mixin=None, verb_parser=<colcon_mixin.mixin.mixin_argument.MixinArgumentDecorator object at 0x792bda3055a0>, verb_extension=<colcon_core.verb.build.BuildVerb object at 0x792bda47d810>, main=<bound method BuildVerb.main of <colcon_core.verb.build.BuildVerb object at 0x792bda47d810>>, mixin_verb=('build',))
[7.118s] Level 1:colcon.colcon_core.package_discovery:discover_packages(colcon_meta) check parameters
[7.119s] Level 1:colcon.colcon_core.package_discovery:discover_packages(recursive) check parameters
[7.119s] Level 1:colcon.colcon_core.package_discovery:discover_packages(ignore) check parameters
[7.119s] Level 1:colcon.colcon_core.package_discovery:discover_packages(path) check parameters
[7.119s] Level 1:colcon.colcon_core.package_discovery:discover_packages(colcon_meta) discover
[7.119s] Level 1:colcon.colcon_core.package_discovery:discover_packages(recursive) discover
[7.119s] INFO:colcon.colcon_core.package_discovery:Crawling recursively for packages in '/home/anthonyubuntu/Desktop/inmind/session5/Anthony-Moundalak-ROS2-Assignment/ros2ws'
[7.119s] Level 1:colcon.colcon_core.package_identification:_identify(.) by extensions ['ignore', 'ignore_ament_install']
[7.119s] Level 1:colcon.colcon_core.package_identification:_identify(.) by extension 'ignore'
[7.119s] Level 1:colcon.colcon_core.package_identification:_identify(.) by extension 'ignore_ament_install'
[7.119s] Level 1:colcon.colcon_core.package_identification:_identify(.) by extensions ['colcon_pkg']
[7.120s] Level 1:colcon.colcon_core.package_identification:_identify(.) by extension 'colcon_pkg'
[7.120s] Level 1:colcon.colcon_core.package_identification:_identify(.) by extensions ['colcon_meta']
[7.120s] Level 1:colcon.colcon_core.package_identification:_identify(.) by extension 'colcon_meta'
[7.120s] Level 1:colcon.colcon_core.package_identification:_identify(.) by extensions ['ros']
[7.120s] Level 1:colcon.colcon_core.package_identification:_identify(.) by extension 'ros'
[7.189s] Level 1:colcon.colcon_core.package_identification:_identify(.) by extensions ['cmake', 'python']
[7.190s] Level 1:colcon.colcon_core.package_identification:_identify(.) by extension 'cmake'
[7.190s] Level 1:colcon.colcon_core.package_identification:_identify(.) by extension 'python'
[7.190s] Level 1:colcon.colcon_core.package_identification:_identify(.) by extensions ['python_setup_py']
[7.190s] Level 1:colcon.colcon_core.package_identification:_identify(.) by extension 'python_setup_py'
[7.190s] Level 1:colcon.colcon_core.package_identification:_identify(build) by extensions ['ignore', 'ignore_ament_install']
[7.190s] Level 1:colcon.colcon_core.package_identification:_identify(build) by extension 'ignore'
[7.190s] Level 1:colcon.colcon_core.package_identification:_identify(build) ignored
[7.190s] Level 1:colcon.colcon_core.package_identification:_identify(install) by extensions ['ignore', 'ignore_ament_install']
[7.190s] Level 1:colcon.colcon_core.package_identification:_identify(install) by extension 'ignore'
[7.190s] Level 1:colcon.colcon_core.package_identification:_identify(install) ignored
[7.191s] Level 1:colcon.colcon_core.package_identification:_identify(log) by extensions ['ignore', 'ignore_ament_install']
[7.191s] Level 1:colcon.colcon_core.package_identification:_identify(log) by extension 'ignore'
[7.191s] Level 1:colcon.colcon_core.package_identification:_identify(log) ignored
[7.191s] Level 1:colcon.colcon_core.package_discovery:discover_packages(recursive) using defaults
[7.191s] Level 1:colcon.colcon_core.package_discovery:discover_packages(ignore) discover
[7.191s] Level 1:colcon.colcon_core.package_discovery:discover_packages(ignore) using defaults
[7.191s] Level 1:colcon.colcon_core.package_discovery:discover_packages(path) discover
[7.191s] Level 1:colcon.colcon_core.package_discovery:discover_packages(path) using defaults
[7.808s] Level 1:colcon.colcon_core.package_discovery:discover_packages(prefix_path) check parameters
[7.808s] Level 1:colcon.colcon_core.package_discovery:discover_packages(prefix_path) discover
[7.815s] Level 1:colcon.colcon_core.package_discovery:discover_packages(prefix_path) using defaults
[7.818s] INFO:colcon.colcon_core.executor:Executing jobs using 'parallel' executor
[7.819s] DEBUG:colcon.colcon_parallel_executor.executor.parallel:run_until_complete
[7.820s] DEBUG:colcon.colcon_parallel_executor.executor.parallel:closing loop
[7.820s] DEBUG:colcon.colcon_parallel_executor.executor.parallel:loop closed
[7.820s] DEBUG:colcon.colcon_parallel_executor.executor.parallel:run_until_complete finished with '0'
[7.820s] DEBUG:colcon.colcon_core.event_reactor:joining thread
[8.030s] INFO:colcon.colcon_core.plugin_system:Skipping extension 'colcon_notification.desktop_notification.terminal_notifier': Not used on non-Darwin systems
[8.030s] INFO:colcon.colcon_core.plugin_system:Skipping extension 'colcon_notification.desktop_notification.win32': Not used on non-Windows systems
[8.030s] INFO:colcon.colcon_notification.desktop_notification:Sending desktop notification using 'notify2'
[8.669s] DEBUG:colcon.colcon_core.event_reactor:joined thread
[8.707s] INFO:colcon.colcon_core.plugin_system:Skipping extension 'colcon_core.shell.bat': Not used on non-Windows systems
[8.707s] INFO:colcon.colcon_core.shell:Creating prefix script '/home/anthonyubuntu/Desktop/inmind/session5/Anthony-Moundalak-ROS2-Assignment/ros2ws/install/local_setup.ps1'
[8.732s] INFO:colcon.colcon_core.shell:Creating prefix util module '/home/anthonyubuntu/Desktop/inmind/session5/Anthony-Moundalak-ROS2-Assignment/ros2ws/install/_local_setup_util_ps1.py'
[8.786s] INFO:colcon.colcon_core.shell:Creating prefix chain script '/home/anthonyubuntu/Desktop/inmind/session5/Anthony-Moundalak-ROS2-Assignment/ros2ws/install/setup.ps1'
[8.788s] INFO:colcon.colcon_core.shell:Creating prefix script '/home/anthonyubuntu/Desktop/inmind/session5/Anthony-Moundalak-ROS2-Assignment/ros2ws/install/local_setup.sh'
[8.798s] INFO:colcon.colcon_core.shell:Creating prefix util module '/home/anthonyubuntu/Desktop/inmind/session5/Anthony-Moundalak-ROS2-Assignment/ros2ws/install/_local_setup_util_sh.py'
[8.798s] INFO:colcon.colcon_core.shell:Creating prefix chain script '/home/anthonyubuntu/Desktop/inmind/session5/Anthony-Moundalak-ROS2-Assignment/ros2ws/install/setup.sh'
[8.807s] INFO:colcon.colcon_core.shell:Creating prefix script '/home/anthonyubuntu/Desktop/inmind/session5/Anthony-Moundalak-ROS2-Assignment/ros2ws/install/local_setup.bash'
[8.818s] INFO:colcon.colcon_core.shell:Creating prefix chain script '/home/anthonyubuntu/Desktop/inmind/session5/Anthony-Moundalak-ROS2-Assignment/ros2ws/install/setup.bash'
[8.833s] INFO:colcon.colcon_core.shell:Creating prefix script '/home/anthonyubuntu/Desktop/inmind/session5/Anthony-Moundalak-ROS2-Assignment/ros2ws/install/local_setup.zsh'
[8.931s] INFO:colcon.colcon_core.shell:Creating prefix chain script '/home/anthonyubuntu/Desktop/inmind/session5/Anthony-Moundalak-ROS2-Assignment/ros2ws/install/setup.zsh'
