[1.496s] DEBUG:colcon:Command line arguments: ['/usr/bin/colcon', 'build', '--packages-select', 'temperature_package']
[1.496s] DEBUG:colcon:Parsed command line arguments: Namespace(log_base=None, log_level=None, verb_name='build', build_base='build', install_base='install', merge_install=False, symlink_install=False, test_result_base=None, continue_on_error=False, executor='parallel', parallel_workers=4, event_handlers=None, ignore_user_meta=False, metas=['./colcon.meta'], base_paths=['.'], packages_ignore=None, packages_ignore_regex=None, paths=None, packages_up_to=None, packages_up_to_regex=None, packages_above=None, packages_above_and_dependencies=None, packages_above_depth=None, packages_select_by_dep=None, packages_skip_by_dep=None, packages_skip_up_to=None, packages_select_build_failed=False, packages_skip_build_finished=False, packages_select_test_failures=False, packages_skip_test_passed=False, packages_select=['temperature_package'], packages_skip=None, packages_select_regex=None, packages_skip_regex=None, packages_start=None, packages_end=None, allow_overriding=[], cmake_args=None, cmake_target=None, cmake_target_skip_unavailable=False, cmake_clean_cache=False, cmake_clean_first=False, cmake_force_configure=False, ament_cmake_args=None, catkin_cmake_args=None, catkin_skip_building_tests=False, mixin_files=None, mixin=None, verb_parser=<colcon_mixin.mixin.mixin_argument.MixinArgumentDecorator object at 0x7b4f37136050>, verb_extension=<colcon_core.verb.build.BuildVerb object at 0x7b4f372aa2c0>, main=<bound method BuildVerb.main of <colcon_core.verb.build.BuildVerb object at 0x7b4f372aa2c0>>, mixin_verb=('build',))
[4.570s] Level 1:colcon.colcon_core.package_discovery:discover_packages(colcon_meta) check parameters
[4.570s] Level 1:colcon.colcon_core.package_discovery:discover_packages(recursive) check parameters
[4.570s] Level 1:colcon.colcon_core.package_discovery:discover_packages(ignore) check parameters
[4.571s] Level 1:colcon.colcon_core.package_discovery:discover_packages(path) check parameters
[4.571s] Level 1:colcon.colcon_core.package_discovery:discover_packages(colcon_meta) discover
[4.571s] Level 1:colcon.colcon_core.package_discovery:discover_packages(recursive) discover
[4.571s] INFO:colcon.colcon_core.package_discovery:Crawling recursively for packages in '/home/anthonyubuntu/Desktop/inmind/session5/Anthony-Moundalak-ROS2-Assignment/ros2ws/src'
[4.571s] Level 1:colcon.colcon_core.package_identification:_identify(.) by extensions ['ignore', 'ignore_ament_install']
[4.572s] Level 1:colcon.colcon_core.package_identification:_identify(.) by extension 'ignore'
[4.572s] Level 1:colcon.colcon_core.package_identification:_identify(.) by extension 'ignore_ament_install'
[4.572s] Level 1:colcon.colcon_core.package_identification:_identify(.) by extensions ['colcon_pkg']
[4.572s] Level 1:colcon.colcon_core.package_identification:_identify(.) by extension 'colcon_pkg'
[4.572s] Level 1:colcon.colcon_core.package_identification:_identify(.) by extensions ['colcon_meta']
[4.572s] Level 1:colcon.colcon_core.package_identification:_identify(.) by extension 'colcon_meta'
[4.572s] Level 1:colcon.colcon_core.package_identification:_identify(.) by extensions ['ros']
[4.573s] Level 1:colcon.colcon_core.package_identification:_identify(.) by extension 'ros'
[4.627s] Level 1:colcon.colcon_core.package_identification:_identify(.) by extensions ['cmake', 'python']
[4.627s] Level 1:colcon.colcon_core.package_identification:_identify(.) by extension 'cmake'
[4.627s] Level 1:colcon.colcon_core.package_identification:_identify(.) by extension 'python'
[4.628s] Level 1:colcon.colcon_core.package_identification:_identify(.) by extensions ['python_setup_py']
[4.628s] Level 1:colcon.colcon_core.package_identification:_identify(.) by extension 'python_setup_py'
[4.628s] Level 1:colcon.colcon_core.package_identification:_identify(build) by extensions ['ignore', 'ignore_ament_install']
[4.628s] Level 1:colcon.colcon_core.package_identification:_identify(build) by extension 'ignore'
[4.628s] Level 1:colcon.colcon_core.package_identification:_identify(build) ignored
[4.629s] Level 1:colcon.colcon_core.package_identification:_identify(install) by extensions ['ignore', 'ignore_ament_install']
[4.629s] Level 1:colcon.colcon_core.package_identification:_identify(install) by extension 'ignore'
[4.629s] Level 1:colcon.colcon_core.package_identification:_identify(install) ignored
[4.629s] Level 1:colcon.colcon_core.package_identification:_identify(log) by extensions ['ignore', 'ignore_ament_install']
[4.629s] Level 1:colcon.colcon_core.package_identification:_identify(log) by extension 'ignore'
[4.629s] Level 1:colcon.colcon_core.package_identification:_identify(log) ignored
[4.630s] Level 1:colcon.colcon_core.package_identification:_identify(temperature_package) by extensions ['ignore', 'ignore_ament_install']
[4.630s] Level 1:colcon.colcon_core.package_identification:_identify(temperature_package) by extension 'ignore'
[4.630s] Level 1:colcon.colcon_core.package_identification:_identify(temperature_package) by extension 'ignore_ament_install'
[4.630s] Level 1:colcon.colcon_core.package_identification:_identify(temperature_package) by extensions ['colcon_pkg']
[4.630s] Level 1:colcon.colcon_core.package_identification:_identify(temperature_package) by extension 'colcon_pkg'
[4.630s] Level 1:colcon.colcon_core.package_identification:_identify(temperature_package) by extensions ['colcon_meta']
[4.631s] Level 1:colcon.colcon_core.package_identification:_identify(temperature_package) by extension 'colcon_meta'
[4.631s] Level 1:colcon.colcon_core.package_identification:_identify(temperature_package) by extensions ['ros']
[4.631s] Level 1:colcon.colcon_core.package_identification:_identify(temperature_package) by extension 'ros'
[4.654s] DEBUG:colcon.colcon_core.package_identification:Package 'temperature_package' with type 'ros.ament_python' and name 'temperature_package'
[4.655s] Level 1:colcon.colcon_core.package_discovery:discover_packages(recursive) using defaults
[4.655s] Level 1:colcon.colcon_core.package_discovery:discover_packages(ignore) discover
[4.655s] Level 1:colcon.colcon_core.package_discovery:discover_packages(ignore) using defaults
[4.655s] Level 1:colcon.colcon_core.package_discovery:discover_packages(path) discover
[4.655s] Level 1:colcon.colcon_core.package_discovery:discover_packages(path) using defaults
[4.824s] Level 1:colcon.colcon_core.package_discovery:discover_packages(prefix_path) check parameters
[4.824s] Level 1:colcon.colcon_core.package_discovery:discover_packages(prefix_path) discover
[4.832s] DEBUG:colcon.colcon_installed_package_information.package_discovery:Found 1 installed packages in /home/anthonyubuntu/Desktop/inmind/session5/Anthony-Moundalak-ROS2-Assignment/ros2ws/src/install
[4.843s] DEBUG:colcon.colcon_installed_package_information.package_discovery:Found 0 installed packages in /home/anthonyubuntu/Desktop/inmind/session5/Anthony-Moundalak-ROS2-Assignment/ros2ws/install
[4.845s] DEBUG:colcon.colcon_installed_package_information.package_discovery:Found 270 installed packages in /opt/ros/humble
[4.847s] Level 1:colcon.colcon_core.package_discovery:discover_packages(prefix_path) using defaults
[4.932s] Level 5:colcon.colcon_core.verb:set package 'temperature_package' build argument 'cmake_args' from command line to 'None'
[4.932s] Level 5:colcon.colcon_core.verb:set package 'temperature_package' build argument 'cmake_target' from command line to 'None'
[4.932s] Level 5:colcon.colcon_core.verb:set package 'temperature_package' build argument 'cmake_target_skip_unavailable' from command line to 'False'
[4.932s] Level 5:colcon.colcon_core.verb:set package 'temperature_package' build argument 'cmake_clean_cache' from command line to 'False'
[4.932s] Level 5:colcon.colcon_core.verb:set package 'temperature_package' build argument 'cmake_clean_first' from command line to 'False'
[4.933s] Level 5:colcon.colcon_core.verb:set package 'temperature_package' build argument 'cmake_force_configure' from command line to 'False'
[4.933s] Level 5:colcon.colcon_core.verb:set package 'temperature_package' build argument 'ament_cmake_args' from command line to 'None'
[4.933s] Level 5:colcon.colcon_core.verb:set package 'temperature_package' build argument 'catkin_cmake_args' from command line to 'None'
[4.933s] Level 5:colcon.colcon_core.verb:set package 'temperature_package' build argument 'catkin_skip_building_tests' from command line to 'False'
[4.933s] DEBUG:colcon.colcon_core.verb:Building package 'temperature_package' with the following arguments: {'ament_cmake_args': None, 'build_base': '/home/anthonyubuntu/Desktop/inmind/session5/Anthony-Moundalak-ROS2-Assignment/ros2ws/src/build/temperature_package', 'catkin_cmake_args': None, 'catkin_skip_building_tests': False, 'cmake_args': None, 'cmake_clean_cache': False, 'cmake_clean_first': False, 'cmake_force_configure': False, 'cmake_target': None, 'cmake_target_skip_unavailable': False, 'install_base': '/home/anthonyubuntu/Desktop/inmind/session5/Anthony-Moundalak-ROS2-Assignment/ros2ws/src/install/temperature_package', 'merge_install': False, 'path': '/home/anthonyubuntu/Desktop/inmind/session5/Anthony-Moundalak-ROS2-Assignment/ros2ws/src/temperature_package', 'symlink_install': False, 'test_result_base': None}
[4.933s] INFO:colcon.colcon_core.executor:Executing jobs using 'parallel' executor
[4.935s] DEBUG:colcon.colcon_parallel_executor.executor.parallel:run_until_complete
[4.935s] INFO:colcon.colcon_ros.task.ament_python.build:Building ROS package in '/home/anthonyubuntu/Desktop/inmind/session5/Anthony-Moundalak-ROS2-Assignment/ros2ws/src/temperature_package' with build type 'ament_python'
[4.936s] Level 1:colcon.colcon_core.shell:create_environment_hook('temperature_package', 'ament_prefix_path')
[5.021s] INFO:colcon.colcon_core.plugin_system:Skipping extension 'colcon_core.shell.bat': Not used on non-Windows systems
[5.021s] INFO:colcon.colcon_core.shell:Creating environment hook '/home/anthonyubuntu/Desktop/inmind/session5/Anthony-Moundalak-ROS2-Assignment/ros2ws/src/install/temperature_package/share/temperature_package/hook/ament_prefix_path.ps1'
[5.023s] INFO:colcon.colcon_core.shell:Creating environment descriptor '/home/anthonyubuntu/Desktop/inmind/session5/Anthony-Moundalak-ROS2-Assignment/ros2ws/src/install/temperature_package/share/temperature_package/hook/ament_prefix_path.dsv'
[5.039s] INFO:colcon.colcon_core.shell:Creating environment hook '/home/anthonyubuntu/Desktop/inmind/session5/Anthony-Moundalak-ROS2-Assignment/ros2ws/src/install/temperature_package/share/temperature_package/hook/ament_prefix_path.sh'
[5.041s] INFO:colcon.colcon_core.shell:Skip shell extension 'powershell' for command environment: Not usable outside of PowerShell
[5.041s] DEBUG:colcon.colcon_core.shell:Skip shell extension 'dsv' for command environment
[5.490s] INFO:colcon.colcon_core.task.python.build:Building Python package in '/home/anthonyubuntu/Desktop/inmind/session5/Anthony-Moundalak-ROS2-Assignment/ros2ws/src/temperature_package'
[5.490s] INFO:colcon.colcon_core.shell:Skip shell extension 'powershell' for command environment: Not usable outside of PowerShell
[5.491s] DEBUG:colcon.colcon_core.shell:Skip shell extension 'dsv' for command environment
[6.172s] DEBUG:colcon.colcon_core.event_handler.log_command:Invoking command in '/home/anthonyubuntu/Desktop/inmind/session5/Anthony-Moundalak-ROS2-Assignment/ros2ws/src/temperature_package': PYTHONPATH=/home/anthonyubuntu/Desktop/inmind/session5/Anthony-Moundalak-ROS2-Assignment/ros2ws/src/build/temperature_package/prefix_override:/usr/lib/python3/dist-packages/colcon_core/task/python/colcon_distutils_commands:/home/anthonyubuntu/Desktop/inmind/session5/Anthony-Moundalak-ROS2-Assignment/ros2ws/src/install/temperature_package/lib/python3.10/site-packages:${PYTHONPATH} /usr/bin/python3 -W ignore:setup.py install is deprecated setup.py egg_info --egg-base ../build/temperature_package build --build-base /home/anthonyubuntu/Desktop/inmind/session5/Anthony-Moundalak-ROS2-Assignment/ros2ws/src/build/temperature_package/build install --record /home/anthonyubuntu/Desktop/inmind/session5/Anthony-Moundalak-ROS2-Assignment/ros2ws/src/build/temperature_package/install.log --single-version-externally-managed install_data
[6.620s] DEBUG:colcon.colcon_core.event_handler.log_command:Invoked command in '/home/anthonyubuntu/Desktop/inmind/session5/Anthony-Moundalak-ROS2-Assignment/ros2ws/src/temperature_package' returned '0': PYTHONPATH=/home/anthonyubuntu/Desktop/inmind/session5/Anthony-Moundalak-ROS2-Assignment/ros2ws/src/build/temperature_package/prefix_override:/usr/lib/python3/dist-packages/colcon_core/task/python/colcon_distutils_commands:/home/anthonyubuntu/Desktop/inmind/session5/Anthony-Moundalak-ROS2-Assignment/ros2ws/src/install/temperature_package/lib/python3.10/site-packages:${PYTHONPATH} /usr/bin/python3 -W ignore:setup.py install is deprecated setup.py egg_info --egg-base ../build/temperature_package build --build-base /home/anthonyubuntu/Desktop/inmind/session5/Anthony-Moundalak-ROS2-Assignment/ros2ws/src/build/temperature_package/build install --record /home/anthonyubuntu/Desktop/inmind/session5/Anthony-Moundalak-ROS2-Assignment/ros2ws/src/build/temperature_package/install.log --single-version-externally-managed install_data
[6.653s] Level 1:colcon.colcon_core.environment:checking '/home/anthonyubuntu/Desktop/inmind/session5/Anthony-Moundalak-ROS2-Assignment/ros2ws/src/install/temperature_package' for CMake module files
[6.653s] Level 1:colcon.colcon_core.environment:checking '/home/anthonyubuntu/Desktop/inmind/session5/Anthony-Moundalak-ROS2-Assignment/ros2ws/src/install/temperature_package' for CMake config files
[6.654s] Level 1:colcon.colcon_core.environment:checking '/home/anthonyubuntu/Desktop/inmind/session5/Anthony-Moundalak-ROS2-Assignment/ros2ws/src/install/temperature_package/lib'
[6.654s] Level 1:colcon.colcon_core.environment:checking '/home/anthonyubuntu/Desktop/inmind/session5/Anthony-Moundalak-ROS2-Assignment/ros2ws/src/install/temperature_package/bin'
[6.654s] Level 1:colcon.colcon_core.environment:checking '/home/anthonyubuntu/Desktop/inmind/session5/Anthony-Moundalak-ROS2-Assignment/ros2ws/src/install/temperature_package/lib/pkgconfig/temperature_package.pc'
[6.655s] Level 1:colcon.colcon_core.environment:checking '/home/anthonyubuntu/Desktop/inmind/session5/Anthony-Moundalak-ROS2-Assignment/ros2ws/src/install/temperature_package/lib/python3.10/site-packages'
[6.655s] Level 1:colcon.colcon_core.shell:create_environment_hook('temperature_package', 'pythonpath')
[6.655s] INFO:colcon.colcon_core.shell:Creating environment hook '/home/anthonyubuntu/Desktop/inmind/session5/Anthony-Moundalak-ROS2-Assignment/ros2ws/src/install/temperature_package/share/temperature_package/hook/pythonpath.ps1'
[6.656s] INFO:colcon.colcon_core.shell:Creating environment descriptor '/home/anthonyubuntu/Desktop/inmind/session5/Anthony-Moundalak-ROS2-Assignment/ros2ws/src/install/temperature_package/share/temperature_package/hook/pythonpath.dsv'
[6.656s] INFO:colcon.colcon_core.shell:Creating environment hook '/home/anthonyubuntu/Desktop/inmind/session5/Anthony-Moundalak-ROS2-Assignment/ros2ws/src/install/temperature_package/share/temperature_package/hook/pythonpath.sh'
[6.657s] Level 1:colcon.colcon_core.environment:checking '/home/anthonyubuntu/Desktop/inmind/session5/Anthony-Moundalak-ROS2-Assignment/ros2ws/src/install/temperature_package/bin'
[6.657s] Level 1:colcon.colcon_core.environment:create_environment_scripts_only(temperature_package)
[6.657s] INFO:colcon.colcon_core.shell:Creating package script '/home/anthonyubuntu/Desktop/inmind/session5/Anthony-Moundalak-ROS2-Assignment/ros2ws/src/install/temperature_package/share/temperature_package/package.ps1'
[6.659s] INFO:colcon.colcon_core.shell:Creating package descriptor '/home/anthonyubuntu/Desktop/inmind/session5/Anthony-Moundalak-ROS2-Assignment/ros2ws/src/install/temperature_package/share/temperature_package/package.dsv'
[6.661s] INFO:colcon.colcon_core.shell:Creating package script '/home/anthonyubuntu/Desktop/inmind/session5/Anthony-Moundalak-ROS2-Assignment/ros2ws/src/install/temperature_package/share/temperature_package/package.sh'
[6.662s] INFO:colcon.colcon_core.shell:Creating package script '/home/anthonyubuntu/Desktop/inmind/session5/Anthony-Moundalak-ROS2-Assignment/ros2ws/src/install/temperature_package/share/temperature_package/package.bash'
[6.664s] INFO:colcon.colcon_core.shell:Creating package script '/home/anthonyubuntu/Desktop/inmind/session5/Anthony-Moundalak-ROS2-Assignment/ros2ws/src/install/temperature_package/share/temperature_package/package.zsh'
[6.684s] Level 1:colcon.colcon_core.environment:create_file_with_runtime_dependencies(/home/anthonyubuntu/Desktop/inmind/session5/Anthony-Moundalak-ROS2-Assignment/ros2ws/src/install/temperature_package/share/colcon-core/packages/temperature_package)
[6.685s] DEBUG:colcon.colcon_parallel_executor.executor.parallel:closing loop
[6.686s] DEBUG:colcon.colcon_parallel_executor.executor.parallel:loop closed
[6.686s] DEBUG:colcon.colcon_parallel_executor.executor.parallel:run_until_complete finished with '0'
[6.686s] DEBUG:colcon.colcon_core.event_reactor:joining thread
[6.807s] INFO:colcon.colcon_core.plugin_system:Skipping extension 'colcon_notification.desktop_notification.terminal_notifier': Not used on non-Darwin systems
[6.807s] INFO:colcon.colcon_core.plugin_system:Skipping extension 'colcon_notification.desktop_notification.win32': Not used on non-Windows systems
[6.807s] INFO:colcon.colcon_notification.desktop_notification:Sending desktop notification using 'notify2'
[7.063s] DEBUG:colcon.colcon_core.event_reactor:joined thread
[7.063s] INFO:colcon.colcon_core.shell:Creating prefix script '/home/anthonyubuntu/Desktop/inmind/session5/Anthony-Moundalak-ROS2-Assignment/ros2ws/src/install/local_setup.ps1'
[7.105s] INFO:colcon.colcon_core.shell:Creating prefix util module '/home/anthonyubuntu/Desktop/inmind/session5/Anthony-Moundalak-ROS2-Assignment/ros2ws/src/install/_local_setup_util_ps1.py'
[7.139s] INFO:colcon.colcon_core.shell:Creating prefix chain script '/home/anthonyubuntu/Desktop/inmind/session5/Anthony-Moundalak-ROS2-Assignment/ros2ws/src/install/setup.ps1'
[7.142s] INFO:colcon.colcon_core.shell:Creating prefix script '/home/anthonyubuntu/Desktop/inmind/session5/Anthony-Moundalak-ROS2-Assignment/ros2ws/src/install/local_setup.sh'
[7.143s] INFO:colcon.colcon_core.shell:Creating prefix util module '/home/anthonyubuntu/Desktop/inmind/session5/Anthony-Moundalak-ROS2-Assignment/ros2ws/src/install/_local_setup_util_sh.py'
[7.144s] INFO:colcon.colcon_core.shell:Creating prefix chain script '/home/anthonyubuntu/Desktop/inmind/session5/Anthony-Moundalak-ROS2-Assignment/ros2ws/src/install/setup.sh'
[7.146s] INFO:colcon.colcon_core.shell:Creating prefix script '/home/anthonyubuntu/Desktop/inmind/session5/Anthony-Moundalak-ROS2-Assignment/ros2ws/src/install/local_setup.bash'
[7.147s] INFO:colcon.colcon_core.shell:Creating prefix chain script '/home/anthonyubuntu/Desktop/inmind/session5/Anthony-Moundalak-ROS2-Assignment/ros2ws/src/install/setup.bash'
[7.149s] INFO:colcon.colcon_core.shell:Creating prefix script '/home/anthonyubuntu/Desktop/inmind/session5/Anthony-Moundalak-ROS2-Assignment/ros2ws/src/install/local_setup.zsh'
[7.151s] INFO:colcon.colcon_core.shell:Creating prefix chain script '/home/anthonyubuntu/Desktop/inmind/session5/Anthony-Moundalak-ROS2-Assignment/ros2ws/src/install/setup.zsh'
