[0.727s] Invoking command in '/home/anthonyubuntu/Desktop/inmind/session5/Anthony-Moundalak-ROS2-Assignment/ros2ws/src/temperature_package': PYTHONPATH=/home/anthonyubuntu/Desktop/inmind/session5/Anthony-Moundalak-ROS2-Assignment/ros2ws/src/build/temperature_package/prefix_override:/usr/lib/python3/dist-packages/colcon_core/task/python/colcon_distutils_commands:/home/anthonyubuntu/Desktop/inmind/session5/Anthony-Moundalak-ROS2-Assignment/ros2ws/src/install/temperature_package/lib/python3.10/site-packages:${PYTHONPATH} /usr/bin/python3 -W ignore:setup.py install is deprecated setup.py egg_info --egg-base ../build/temperature_package build --build-base /home/anthonyubuntu/Desktop/inmind/session5/Anthony-Moundalak-ROS2-Assignment/ros2ws/src/build/temperature_package/build install --record /home/anthonyubuntu/Desktop/inmind/session5/Anthony-Moundalak-ROS2-Assignment/ros2ws/src/build/temperature_package/install.log --single-version-externally-managed install_data
[1.130s] running egg_info
[1.130s] writing ../build/temperature_package/temperature_package.egg-info/PKG-INFO
[1.131s] writing dependency_links to ../build/temperature_package/temperature_package.egg-info/dependency_links.txt
[1.132s] writing entry points to ../build/temperature_package/temperature_package.egg-info/entry_points.txt
[1.132s] writing requirements to ../build/temperature_package/temperature_package.egg-info/requires.txt
[1.132s] writing top-level names to ../build/temperature_package/temperature_package.egg-info/top_level.txt
[1.152s] reading manifest file '../build/temperature_package/temperature_package.egg-info/SOURCES.txt'
[1.152s] writing manifest file '../build/temperature_package/temperature_package.egg-info/SOURCES.txt'
[1.152s] running build
[1.152s] running build_py
[1.152s] copying temperature_package/temperature_logging_node.py -> /home/anthonyubuntu/Desktop/inmind/session5/Anthony-Moundalak-ROS2-Assignment/ros2ws/src/build/temperature_package/build/lib/temperature_package
[1.154s] running install
[1.154s] running install_lib
[1.155s] copying /home/anthonyubuntu/Desktop/inmind/session5/Anthony-Moundalak-ROS2-Assignment/ros2ws/src/build/temperature_package/build/lib/temperature_package/temperature_logging_node.py -> /home/anthonyubuntu/Desktop/inmind/session5/Anthony-Moundalak-ROS2-Assignment/ros2ws/src/install/temperature_package/lib/python3.10/site-packages/temperature_package
[1.155s] byte-compiling /home/anthonyubuntu/Desktop/inmind/session5/Anthony-Moundalak-ROS2-Assignment/ros2ws/src/install/temperature_package/lib/python3.10/site-packages/temperature_package/temperature_logging_node.py to temperature_logging_node.cpython-310.pyc
[1.156s] running install_data
[1.156s] running install_egg_info
[1.158s] removing '/home/anthonyubuntu/Desktop/inmind/session5/Anthony-Moundalak-ROS2-Assignment/ros2ws/src/install/temperature_package/lib/python3.10/site-packages/temperature_package-0.0.0-py3.10.egg-info' (and everything under it)
[1.159s] Copying ../build/temperature_package/temperature_package.egg-info to /home/anthonyubuntu/Desktop/inmind/session5/Anthony-Moundalak-ROS2-Assignment/ros2ws/src/install/temperature_package/lib/python3.10/site-packages/temperature_package-0.0.0-py3.10.egg-info
[1.160s] running install_scripts
[1.187s] Installing alert_publisher script to /home/anthonyubuntu/Desktop/inmind/session5/Anthony-Moundalak-ROS2-Assignment/ros2ws/src/install/temperature_package/lib/temperature_package
[1.189s] Installing temperature_logger script to /home/anthonyubuntu/Desktop/inmind/session5/Anthony-Moundalak-ROS2-Assignment/ros2ws/src/install/temperature_package/lib/temperature_package
[1.190s] Installing temperature_publisher script to /home/anthonyubuntu/Desktop/inmind/session5/Anthony-Moundalak-ROS2-Assignment/ros2ws/src/install/temperature_package/lib/temperature_package
[1.190s] Installing threshold_subscriber script to /home/anthonyubuntu/Desktop/inmind/session5/Anthony-Moundalak-ROS2-Assignment/ros2ws/src/install/temperature_package/lib/temperature_package
[1.191s] writing list of installed files to '/home/anthonyubuntu/Desktop/inmind/session5/Anthony-Moundalak-ROS2-Assignment/ros2ws/src/build/temperature_package/install.log'
[1.222s] Invoked command in '/home/anthonyubuntu/Desktop/inmind/session5/Anthony-Moundalak-ROS2-Assignment/ros2ws/src/temperature_package' returned '0': PYTHONPATH=/home/anthonyubuntu/Desktop/inmind/session5/Anthony-Moundalak-ROS2-Assignment/ros2ws/src/build/temperature_package/prefix_override:/usr/lib/python3/dist-packages/colcon_core/task/python/colcon_distutils_commands:/home/anthonyubuntu/Desktop/inmind/session5/Anthony-Moundalak-ROS2-Assignment/ros2ws/src/install/temperature_package/lib/python3.10/site-packages:${PYTHONPATH} /usr/bin/python3 -W ignore:setup.py install is deprecated setup.py egg_info --egg-base ../build/temperature_package build --build-base /home/anthonyubuntu/Desktop/inmind/session5/Anthony-Moundalak-ROS2-Assignment/ros2ws/src/build/temperature_package/build install --record /home/anthonyubuntu/Desktop/inmind/session5/Anthony-Moundalak-ROS2-Assignment/ros2ws/src/build/temperature_package/install.log --single-version-externally-managed install_data
